Log file open, 11/12/18 12:16:23
LogWindows: Failed to load 'aqProf.dll' (GetLastError=126)
LogWindows: File 'aqProf.dll' does not exist
LogWindows: Failed to load 'VSPerf140.dll' (GetLastError=126)
LogWindows: File 'VSPerf140.dll' does not exist
LogWindows: Failed to load 'VtuneApi.dll' (GetLastError=126)
LogWindows: File 'VtuneApi.dll' does not exist
LogWindows: Failed to load 'VtuneApi32e.dll' (GetLastError=126)
LogWindows: File 'VtuneApi32e.dll' does not exist
LogInit: Display: Running engine for game: FinalProject
LogPlatformFile: Not using cached read wrapper
LogTaskGraph: Started task graph with 5 named threads and 23 total threads with 3 sets of task threads.
LogStats: Stats thread started at 0.545233
LogD3D11RHI: Loaded GFSDK_Aftermath_Lib.x64.dll
LogICUInternationalization: Display: ICU TimeZone Detection - Raw Offset: -6:00, Platform Override: ''
LogPluginManager: Mounting plugin Paper2D
LogPluginManager: Mounting plugin AISupport
LogPluginManager: Mounting plugin LightPropagationVolume
LogPluginManager: Mounting plugin CLionSourceCodeAccess
LogPluginManager: Mounting plugin CodeLiteSourceCodeAccess
LogPluginManager: Mounting plugin GitSourceControl
LogPluginManager: Mounting plugin KDevelopSourceCodeAccess
LogPluginManager: Mounting plugin NullSourceCodeAccess
LogPluginManager: Mounting plugin PerforceSourceControl
LogPluginManager: Mounting plugin SubversionSourceControl
LogPluginManager: Mounting plugin UObjectPlugin
LogPluginManager: Mounting plugin VisualStudioCodeSourceCodeAccess
LogPluginManager: Mounting plugin VisualStudioSourceCodeAccess
LogPluginManager: Mounting plugin XCodeSourceCodeAccess
LogPluginManager: Mounting plugin AssetManagerEditor
LogPluginManager: Mounting plugin CryptoKeys
LogPluginManager: Mounting plugin DataValidation
LogPluginManager: Mounting plugin FacialAnimation
LogPluginManager: Mounting plugin GameplayTagsEditor
LogPluginManager: Mounting plugin MacGraphicsSwitching
LogPluginManager: Mounting plugin MeshEditor
LogPluginManager: Mounting plugin MobileLauncherProfileWizard
LogPluginManager: Mounting plugin PluginBrowser
LogPluginManager: Mounting plugin SpeedTreeImporter
LogPluginManager: Mounting plugin DatasmithContent
LogPluginManager: Mounting plugin AlembicImporter
LogPluginManager: Mounting plugin AppleImageUtils
LogPluginManager: Mounting plugin AppleVision
LogPluginManager: Mounting plugin BackChannel
LogPluginManager: Mounting plugin CharacterAI
LogPluginManager: Mounting plugin GeometryCache
LogPluginManager: Mounting plugin HTML5Networking
LogPluginManager: Mounting plugin ProxyLODPlugin
LogPluginManager: Mounting plugin MagicLeap
LogPluginManager: Mounting plugin MagicLeapEmulator
LogPluginManager: Mounting plugin MagicLeapMedia
LogPluginManager: Mounting plugin AndroidMedia
LogPluginManager: Mounting plugin AvfMedia
LogPluginManager: Mounting plugin ImgMedia
LogPluginManager: Mounting plugin LinearTimecode
LogPluginManager: Mounting plugin MediaCompositing
LogPluginManager: Mounting plugin MediaPlayerEditor
LogPluginManager: Mounting plugin WmfMedia
LogPluginManager: Mounting plugin TcpMessaging
LogPluginManager: Mounting plugin UdpMessaging
LogPluginManager: Mounting plugin ActorSequence
LogPluginManager: Mounting plugin LevelSequenceEditor
LogPluginManager: Mounting plugin MatineeToLevelSequence
LogPluginManager: Mounting plugin NetcodeUnitTest
LogPluginManager: Mounting plugin NUTUnrealEngine4
LogPluginManager: Mounting plugin OnlineSubsystemGooglePlay
LogPluginManager: Mounting plugin OnlineSubsystemIOS
LogPluginManager: Mounting plugin OnlineSubsystem
LogPluginManager: Mounting plugin OnlineSubsystemNull
LogPluginManager: Mounting plugin OnlineSubsystemUtils
LogPluginManager: Mounting plugin LauncherChunkInstaller
LogPluginManager: Mounting plugin AndroidDeviceProfileSelector
LogPluginManager: Mounting plugin AndroidMoviePlayer
LogPluginManager: Mounting plugin AndroidPermission
LogPluginManager: Mounting plugin AppleMoviePlayer
LogPluginManager: Mounting plugin ArchVisCharacter
LogPluginManager: Mounting plugin AudioCapture
LogPluginManager: Mounting plugin CableComponent
LogPluginManager: Mounting plugin CustomMeshComponent
LogPluginManager: Mounting plugin EditableMesh
LogPluginManager: Mounting plugin ExampleDeviceProfileSelector
LogPluginManager: Mounting plugin GoogleCloudMessaging
LogPluginManager: Mounting plugin ImmediatePhysics
LogPluginManager: Mounting plugin IOSDeviceProfileSelector
LogPluginManager: Mounting plugin LinuxDeviceProfileSelector
LogPluginManager: Mounting plugin LocationServicesBPLibrary
LogPluginManager: Mounting plugin MobilePatchingUtils
LogPluginManager: Mounting plugin OculusVR
LogPluginManager: Plugin shader directory ../../../Engine/Plugins/Runtime/Oculus/OculusVR/Shaders found
LogPluginManager: Mapping shader source directory ../../../Engine/Plugins/Runtime/Oculus/OculusVR/Shaders to virtual directory /Plugin/OculusVR
LogPluginManager: Mounting plugin PhysXVehicles
LogPluginManager: Mounting plugin ProceduralMeshComponent
LogPluginManager: Mounting plugin RuntimePhysXCooking
LogPluginManager: Mounting plugin SteamVR
LogPluginManager: Mounting plugin WindowsMoviePlayer
LogStreaming: Display: Took  0.560s to configure plugins.
LogInit: Using libcurl 7.55.1-DEV
LogInit:  - built for x86_64-pc-win32
LogInit:  - supports SSL with OpenSSL/1.0.2h
LogInit:  - supports HTTP deflate (compression) using libz 1.2.8
LogInit:  - other features:
LogInit:      CURL_VERSION_SSL
LogInit:      CURL_VERSION_LIBZ
LogInit:      CURL_VERSION_IPV6
LogInit:      CURL_VERSION_ASYNCHDNS
LogInit:      CURL_VERSION_LARGEFILE
LogInit:      CURL_VERSION_IDN
LogInit:  CurlRequestOptions (configurable via config and command line):
LogInit:  - bVerifyPeer = false  - Libcurl will NOT verify peer certificate
LogInit:  - bUseHttpProxy = false  - Libcurl will NOT use HTTP proxy
LogInit:  - bDontReuseConnections = false  - Libcurl will reuse connections
LogInit:  - CertBundlePath = nullptr  - Libcurl will use whatever was configured at build time.
LogInit:  - MaxHostConnections = 16  - Libcurl will limit the number of connections to a host
LogInit:  - LocalHostAddr = Default
LogInit:  - BufferSize = 65536
LogInit: WinSock: version 1.1 (2.2), MaxSocks=32767, MaxUdp=65467
LogInit: Build: ++UE4+Release-4.20-CL-4302132
LogInit: Engine Version: 4.20.2-4302132+++UE4+Release-4.20
LogInit: Compatible Engine Version: 4.20.0-4212847+++UE4+Release-4.20
LogInit: Net CL: 4212847
LogInit: OS: Windows 10 (), CPU: Intel(R) Core(TM) i7-6700HQ CPU @ 2.60GHz, GPU: Intel(R) HD Graphics 530
LogInit: Compiled (64-bit): Aug 21 2018 02:06:06
LogInit: Compiled with Visual C++: 19.13.26129.00
LogInit: Build Configuration: Development
LogInit: Branch Name: ++UE4+Release-4.20
LogInit: Command Line:  
LogInit: Base Directory: F:/Program Files/Epic Games/UE_4.20/Engine/Binaries/Win64/
LogInit: Installed Engine Build: 1
LogDevObjectVersion: Number of dev versions registered: 20
LogDevObjectVersion:   Dev-Blueprints (B0D832E4-1F89-4F0D-ACCF-7EB736FD4AA2): 10
LogDevObjectVersion:   Dev-Build (E1C64328-A22C-4D53-A36C-8E866417BD8C): 0
LogDevObjectVersion:   Dev-Core (375EC13C-06E4-48FB-B500-84F0262A717E): 2
LogDevObjectVersion:   Dev-Editor (E4B068ED-F494-42E9-A231-DA0B2E46BB41): 24
LogDevObjectVersion:   Dev-Framework (CFFC743F-43B0-4480-9391-14DF171D2073): 34
LogDevObjectVersion:   Dev-Mobile (B02B49B5-BB20-44E9-A304-32B752E40360): 2
LogDevObjectVersion:   Dev-Networking (A4E4105C-59A1-49B5-A7C5-40C4547EDFEE): 0
LogDevObjectVersion:   Dev-Online (39C831C9-5AE6-47DC-9A44-9C173E1C8E7C): 0
LogDevObjectVersion:   Dev-Physics (78F01B33-EBEA-4F98-B9B4-84EACCB95AA2): 0
LogDevObjectVersion:   Dev-Platform (6631380F-2D4D-43E0-8009-CF276956A95A): 0
LogDevObjectVersion:   Dev-Rendering (12F88B9F-8875-4AFC-A67C-D90C383ABD29): 26
LogDevObjectVersion:   Dev-Sequencer (7B5AE74C-D270-4C10-A958-57980B212A5A): 9
LogDevObjectVersion:   Dev-VR (D7296918-1DD6-4BDD-9DE2-64A83CC13884): 2
LogDevObjectVersion:   Dev-LoadTimes (C2A15278-BFE7-4AFE-6C17-90FF531DF755): 1
LogDevObjectVersion:   Private-Geometry (6EACA3D4-40EC-4CC1-B786-8BED09428FC5): 3
LogDevObjectVersion:   Dev-AnimPhys (29E575DD-E0A3-4627-9D10-D276232CDCEA): 17
LogDevObjectVersion:   Dev-ReflectionCapture (6B266CEC-1EC7-4B8F-A30B-E4D90942FC07): 1
LogDevObjectVersion:   Dev-Automation (0DF73D61-A23F-47EA-B727-89E90C41499A): 1
LogDevObjectVersion:   FortniteMain (601D1886-AC64-4F84-AA16-D3DE0DEAC7D6): 12
LogDevObjectVersion:   Dev-Enterprise (9DFFBCD6-494F-0158-E221-12823C92A888): 1
LogStreaming: Display: Took  0.024s to delete old logs.
LogInit: Presizing for max 8388607 objects, including 0 objects not considered by GC, pre-allocating 0 bytes for permanent pool.
LogInit: Object subsystem initialized
[2018.11.12-18.16.30:233][  0]LogInit: Selected Device Profile: [Windows]
[2018.11.12-18.16.30:233][  0]LogInit: Applying CVar settings loaded from the selected device profile: [Windows]
[2018.11.12-18.16.30:354][  0]LogHAL: Display: Platform has ~ 24 GB [25156939776 / 34359738368 / 24], which maps to Larger [LargestMinGB=32, LargerMinGB=12, DefaultMinGB=8, SmallerMinGB=6, SmallestMinGB=0)
[2018.11.12-18.16.30:354][  0]LogInit: Setting Device Profile CVar: [[r.Vulkan.UseRealUBs:1]]
[2018.11.12-18.16.30:355][  0]LogInit: Going up to parent DeviceProfile []
[2018.11.12-18.16.30:397][  0]LogInit: Computer: ROG-RICKVARR
[2018.11.12-18.16.30:397][  0]LogInit: User: ASUS
[2018.11.12-18.16.30:398][  0]LogInit: CPU Page size=4096, Cores=4
[2018.11.12-18.16.30:398][  0]LogInit: High frequency timer resolution =2.531250 MHz
[2018.11.12-18.16.30:402][  0]LogMemory: Memory total: Physical=23.4GB (24GB approx)
[2018.11.12-18.16.30:402][  0]LogMemory: Platform Memory Stats for Windows
[2018.11.12-18.16.30:402][  0]LogMemory: Process Physical Memory: 101.86 MB used, 101.86 MB peak
[2018.11.12-18.16.30:403][  0]LogMemory: Process Virtual Memory: 98.09 MB used, 98.09 MB peak
[2018.11.12-18.16.30:403][  0]LogMemory: Physical Memory: 4418.32 MB used,  19573.20 MB free, 23991.53 MB total
[2018.11.12-18.16.30:403][  0]LogMemory: Virtual Memory: 4652.04 MB used,  19573.20 MB free, 134217728.00 MB total
[2018.11.12-18.16.32:418][  0]LogInit: Using OS detected language (en-US).
[2018.11.12-18.16.32:418][  0]LogInit: Using OS detected locale (en-US).
[2018.11.12-18.16.32:474][  0]LogTextLocalizationManager: No specific localization for 'en-US' exists, so the 'en' localization will be used.
[2018.11.12-18.16.35:565][  0]LogStreaming: Display: Took  3.147s to InitEngineTextLocalization.
[2018.11.12-18.16.35:566][  0]LogInit: Setting process to per monitor DPI aware
[2018.11.12-18.16.36:533][  0]LogSlate: New Slate User Created.  User Index 0, Is Virtual User: 0
[2018.11.12-18.16.36:533][  0]LogSlate: Slate User Registered.  User Index 0, Is Virtual User: 0
[2018.11.12-18.16.54:312][  0]LogHMD: Failed to initialize OpenVR with code 110
[2018.11.12-18.16.54:312][  0]LogD3D11RHI: D3D11 adapters:
[2018.11.12-18.16.54:649][  0]LogD3D11RHI:    0. 'NVIDIA GeForce GTX 960M' (Feature Level 11_0)
[2018.11.12-18.16.54:649][  0]LogD3D11RHI:       4055/0/11995 MB DedicatedVideo/DedicatedSystem/SharedSystem, Outputs:2, VendorId:0x10de
[2018.11.12-18.16.54:704][  0]LogD3D11RHI:    1. 'Intel(R) HD Graphics 530' (Feature Level 11_0)
[2018.11.12-18.16.54:704][  0]LogD3D11RHI:       128/0/11995 MB DedicatedVideo/DedicatedSystem/SharedSystem, Outputs:0, VendorId:0x8086
[2018.11.12-18.16.54:720][  0]LogD3D11RHI:    2. 'Microsoft Basic Render Driver' (Feature Level 11_0)
[2018.11.12-18.16.54:720][  0]LogD3D11RHI:       0/0/11995 MB DedicatedVideo/DedicatedSystem/SharedSystem, Outputs:0, VendorId:0x1414
[2018.11.12-18.16.54:720][  0]LogD3D11RHI: Chosen D3D11 Adapter: 0
[2018.11.12-18.16.54:949][  0]LogD3D11RHI: Creating new Direct3DDevice
[2018.11.12-18.16.54:950][  0]LogD3D11RHI:     GPU DeviceId: 0x139b (for the marketing name, search the web for "GPU Device Id")
[2018.11.12-18.16.54:950][  0]LogWindows: EnumDisplayDevices:
[2018.11.12-18.16.54:951][  0]LogWindows:    0. 'Intel(R) HD Graphics 530' (P:1 D:1)
[2018.11.12-18.16.54:952][  0]LogWindows:    1. 'Intel(R) HD Graphics 530' (P:0 D:1)
[2018.11.12-18.16.54:955][  0]LogWindows:    2. 'Intel(R) HD Graphics 530' (P:0 D:0)
[2018.11.12-18.16.54:955][  0]LogWindows: DebugString: PrimaryIsNotTheChoosenAdapter PrimaryIsNotTheChoosenAdapter PrimaryIsNotTheChoosenAdapter FoundDriverCount:0 
[2018.11.12-18.16.54:955][  0]LogD3D11RHI:     Adapter Name: NVIDIA GeForce GTX 960M
[2018.11.12-18.16.54:956][  0]LogD3D11RHI:   Driver Version: Unknown (internal:Unknown, unified:Unknown)
[2018.11.12-18.16.54:956][  0]LogD3D11RHI:      Driver Date: Unknown
[2018.11.12-18.16.54:956][  0]LogRHI: Texture pool is 2839 MB (70% of 4055 MB)
[2018.11.12-18.16.55:241][  0]LogD3D11RHI: Async texture creation enabled
[2018.11.12-18.16.55:349][  0]LogD3D11RHI: GPU Timing Frequency: 1000.000000 (Debug: 2 2)
[2018.11.12-18.16.55:355][  0]LogShaderCompilers: Guid format shader working directory is 19 characters bigger than the processId version (D:/Github/FinalProjectPD1/Intermediate/Shaders/WorkingDirectory/11516/).
[2018.11.12-18.16.55:356][  0]LogShaderCompilers: Cleaned the shader compiler working directory 'C:/Users/ASUS/AppData/Local/Temp/UnrealShaderWorkingDir/79467DFB4B01C5B835C9978C2B88D5B3/'.
[2018.11.12-18.17.03:310][  0]LogTemp: Display: Loaded TP AllDesktopTargetPlatform
[2018.11.12-18.17.03:493][  0]LogTemp: Display: Loaded TP MacClientTargetPlatform
[2018.11.12-18.17.03:674][  0]LogTemp: Display: Loaded TP MacNoEditorTargetPlatform
[2018.11.12-18.17.03:874][  0]LogTemp: Display: Loaded TP MacServerTargetPlatform
[2018.11.12-18.17.04:119][  0]LogTemp: Display: Loaded TP MacTargetPlatform
[2018.11.12-18.17.04:291][  0]LogTemp: Display: Loaded TP WindowsClientTargetPlatform
[2018.11.12-18.17.04:452][  0]LogTemp: Display: Loaded TP WindowsNoEditorTargetPlatform
[2018.11.12-18.17.04:622][  0]LogTemp: Display: Loaded TP WindowsServerTargetPlatform
[2018.11.12-18.17.04:738][  0]LogTemp: Display: Loaded TP WindowsTargetPlatform
[2018.11.12-18.17.05:588][  0]LogTemp: Display: Loaded TP AndroidTargetPlatform
[2018.11.12-18.17.05:588][  0]LogTemp: Display: Loaded TP AndroidTargetPlatform
[2018.11.12-18.17.05:588][  0]LogTemp: Display: Loaded TP AndroidTargetPlatform
[2018.11.12-18.17.05:588][  0]LogTemp: Display: Loaded TP AndroidTargetPlatform
[2018.11.12-18.17.05:588][  0]LogTemp: Display: Loaded TP AndroidTargetPlatform
[2018.11.12-18.17.05:588][  0]LogTemp: Display: Loaded TP AndroidTargetPlatform
[2018.11.12-18.17.05:588][  0]LogTemp: Display: Loaded TP AndroidTargetPlatform
[2018.11.12-18.17.05:588][  0]LogTemp: Display: Loaded TP AndroidTargetPlatform
[2018.11.12-18.17.05:588][  0]LogTemp: Display: Loaded TP AndroidTargetPlatform
[2018.11.12-18.17.05:589][  0]LogTemp: Display: Loaded TP AndroidTargetPlatform
[2018.11.12-18.17.05:589][  0]LogTemp: Display: Loaded TP AndroidTargetPlatform
[2018.11.12-18.17.05:589][  0]LogTemp: Display: Loaded TP AndroidTargetPlatform
[2018.11.12-18.17.05:589][  0]LogTemp: Display: Loaded TP AndroidTargetPlatform
[2018.11.12-18.17.05:589][  0]LogTemp: Display: Loaded TP AndroidTargetPlatform
[2018.11.12-18.17.05:589][  0]LogTemp: Display: Loaded TP AndroidTargetPlatform
[2018.11.12-18.17.05:589][  0]LogTemp: Display: Loaded TP AndroidTargetPlatform
[2018.11.12-18.17.05:589][  0]LogTemp: Display: Loaded TP AndroidTargetPlatform
[2018.11.12-18.17.05:589][  0]LogTemp: Display: Loaded TP AndroidTargetPlatform
[2018.11.12-18.17.05:684][  0]LogTemp: Display: Loaded TP HTML5TargetPlatform
[2018.11.12-18.17.06:347][  0]LogTemp: Display: Loaded TP IOSTargetPlatform
[2018.11.12-18.17.06:347][  0]LogTemp: Display: Loaded TP IOSTargetPlatform
[2018.11.12-18.17.06:632][  0]LogTemp: Display: Loaded TP TVOSTargetPlatform
[2018.11.12-18.17.06:632][  0]LogTemp: Display: Loaded TP TVOSTargetPlatform
[2018.11.12-18.17.06:892][  0]LogTemp: Display: Loaded TP LinuxClientTargetPlatform
[2018.11.12-18.17.07:074][  0]LogTemp: Display: Loaded TP LinuxNoEditorTargetPlatform
[2018.11.12-18.17.07:273][  0]LogTemp: Display: Loaded TP LinuxServerTargetPlatform
[2018.11.12-18.17.07:579][  0]LogTemp: Display: Loaded TP LinuxTargetPlatform
[2018.11.12-18.17.07:775][  0]LogTemp: Display: Loaded TP LuminTargetPlatform
[2018.11.12-18.17.07:775][  0]LogTargetPlatformManager: Display: Building Assets For Windows
[2018.11.12-18.17.10:654][  0]LogXGEController: Cleaning working directory: C:/Users/ASUS/AppData/Local/Temp/UnrealXGEWorkingDir/
[2018.11.12-18.17.10:655][  0]LogXGEController: Cannot use XGE Controller as Incredibuild is not installed on this machine.
[2018.11.12-18.17.10:656][  0]LogShaderCompilers: Cannot use XGE Shader Compiler as Incredibuild is not installed on this machine.
[2018.11.12-18.17.10:656][  0]LogShaderCompilers: Display: Using Local Shader Compiler.
[2018.11.12-18.17.25:873][  0]LogDerivedDataCache: Display: Max Cache Size: 512 MB
[2018.11.12-18.17.27:084][  0]LogDerivedDataCache: Loaded boot cache 1.21s 71MB C:/Users/ASUS/AppData/Local/UnrealEngine/4.20/DerivedDataCache/Boot.ddc.
[2018.11.12-18.17.27:088][  0]LogDerivedDataCache: Display: Loaded Boot cache: C:/Users/ASUS/AppData/Local/UnrealEngine/4.20/DerivedDataCache/Boot.ddc
[2018.11.12-18.17.27:089][  0]LogDerivedDataCache: FDerivedDataBackendGraph:  Pak pak cache file D:/Github/FinalProjectPD1/DerivedDataCache/DDC.ddp not found, will not use a pak cache.
[2018.11.12-18.17.27:089][  0]LogDerivedDataCache: Unable to find inner node Pak for hierarchical cache Hierarchy.
[2018.11.12-18.17.27:089][  0]LogDerivedDataCache: FDerivedDataBackendGraph:  CompressedPak pak cache file D:/Github/FinalProjectPD1/DerivedDataCache/Compressed.ddp not found, will not use a pak cache.
[2018.11.12-18.17.27:089][  0]LogDerivedDataCache: Unable to find inner node CompressedPak for hierarchical cache Hierarchy.
[2018.11.12-18.17.27:305][  0]LogDerivedDataCache: Display: Pak cache opened for reading ../../../Engine/DerivedDataCache/Compressed.ddp.
[2018.11.12-18.17.27:325][  0]LogDerivedDataCache: Using Local data cache path C:/Users/ASUS/AppData/Local/UnrealEngine/Common/DerivedDataCache: Writable
[2018.11.12-18.17.27:325][  0]LogDerivedDataCache: Shared data cache path not found in *engine.ini, will not use an Shared cache.
[2018.11.12-18.17.27:325][  0]LogDerivedDataCache: Unable to find inner node Shared for hierarchical cache Hierarchy.
[2018.11.12-18.17.27:501][  0]LogMaterial: Verifying Global Shaders for PCD3D_SM5
[2018.11.12-18.17.27:511][  0]LogSlate: Using FreeType 2.6.0
[2018.11.12-18.17.27:672][  0]LogSlate: SlateFontServices - WITH_FREETYPE: 1, WITH_HARFBUZZ: 1
[2018.11.12-18.17.29:721][  0]LogAssetRegistry: FAssetRegistry took 0.1113 seconds to start up
[2018.11.12-18.17.32:358][  0]LogInit: Selected Device Profile: [Windows]
[2018.11.12-18.17.35:455][  0]LogSimplygon: Simplygon DLL not present - disabling.
[2018.11.12-18.17.35:805][  0]LogMeshReduction: Using SimplygonSwarm for distributed automatic mesh merging
[2018.11.12-18.17.35:806][  0]LogMeshReduction: Using ProxyLODMeshReduction for automatic mesh merging
[2018.11.12-18.17.35:841][  0]LogMeshReduction: Using QuadricMeshReduction for automatic static mesh reduction
[2018.11.12-18.17.35:841][  0]LogMeshReduction: No automatic skeletal mesh reduction module available
[2018.11.12-18.17.36:219][  0]LogNetVersion: FinalProject 1.0.0, NetCL: 4212847, EngineNetVer: 5, GameNetVer: 0 (Checksum: 2047127125)
[2018.11.12-18.17.44:293][  0]LogPackageLocalizationCache: Processed 11 localized package path(s) for 2 prioritized culture(s) in 0.545905 seconds
[2018.11.12-18.17.44:337][  0]LogUObjectArray: 38425 objects as part of root set at end of initial load.
[2018.11.12-18.17.44:337][  0]LogUObjectAllocator: 6690872 out of 0 bytes used by permanent object pool.
[2018.11.12-18.17.44:338][  0]LogUObjectArray: CloseDisregardForGC: 0/0 objects in disregard for GC pool
[2018.11.12-18.18.16:331][  0]LogTcpMessaging: Initializing TcpMessaging bridge
[2018.11.12-18.18.16:492][  0]LogUdpMessaging: Initializing bridge on interface 0.0.0.0:0 to multicast group 230.0.0.1:6666.
[2018.11.12-18.18.19:599][  0]SourceControl: Source control is disabled
[2018.11.12-18.18.19:600][  0]SourceControl: Source control is disabled
[2018.11.12-18.18.19:865][  0]SourceControl: Source control is disabled
[2018.11.12-18.18.19:951][  0]SourceControl: Source control is disabled
[2018.11.12-18.18.24:261][  0]LogAndroidPermission: UAndroidPermissionCallbackProxy::GetInstance
[2018.11.12-18.18.25:271][  0]LogOcInput: OculusInput pre-init called
[2018.11.12-18.18.26:393][  0]LogEngine: Initializing Engine...
[2018.11.12-18.18.26:398][  0]LogHMD: Failed to initialize OpenVR with code 110
[2018.11.12-18.18.26:409][  0]LogStats: UGameplayTagsManager::ConstructGameplayTagTree: ImportINI prefixes -  0.000 s
[2018.11.12-18.18.26:409][  0]LogStats: UGameplayTagsManager::ConstructGameplayTagTree: Construct from data asset -  0.000 s
[2018.11.12-18.18.26:410][  0]LogStats: UGameplayTagsManager::ConstructGameplayTagTree: ImportINI -  0.001 s
[2018.11.12-18.18.26:410][  0]LogStats: UGameplayTagsManager::ConstructGameplayTagTree: GameplayTagTreeChangedEvent.Broadcast -  0.000 s
[2018.11.12-18.18.29:543][  0]LogInit: Initializing FReadOnlyCVARCache
[2018.11.12-18.18.29:743][  0]LogAIModule: Creating AISystem for world Untitled
[2018.11.12-18.18.29:852][  0]LogInit: XAudio2 using 'Speakers (Conexant SmartAudio HD)' : 2 channels at 48 kHz using 32 bits per sample (channel mask 0x3)
[2018.11.12-18.18.30:364][  0]LogInit: FAudioDevice initialized.
[2018.11.12-18.18.30:366][  0]LogNetVersion: Set ProjectVersion to 1.0.0.0. Version Checksum will be recalculated on next use.
[2018.11.12-18.18.30:927][  0]LogDerivedDataCache: Saved boot cache 0.56s 71MB C:/Users/ASUS/AppData/Local/UnrealEngine/4.20/DerivedDataCache/Boot.ddc.
[2018.11.12-18.18.30:968][  0]LogInit: Texture streaming: Enabled
[2018.11.12-18.18.31:480][  0]LogEngineSessionManager: EngineSessionManager initialized
[2018.11.12-18.18.31:648][  0]LogInit: Transaction tracking system initialized
[2018.11.12-18.18.32:271][  0]BlueprintLog: New page: Editor Load
[2018.11.12-18.18.35:010][  0]LocalizationService: Localization service is disabled
[2018.11.12-18.18.42:379][  0]LogCook: Display: Max memory allowance for cook 16384mb min free memory 0mb
[2018.11.12-18.18.42:380][  0]LogCook: Display: Mobile HDR setting 1
[2018.11.12-18.18.42:381][  0]LogGameplayTags: Display: UGameplayTagsManager::DoneAddingNativeTags. DelegateIsBound: 0
[2018.11.12-18.18.42:381][  0]LogStats: UGameplayTagsManager::ConstructGameplayTagTree: ImportINI prefixes -  0.000 s
[2018.11.12-18.18.42:381][  0]LogStats: UGameplayTagsManager::ConstructGameplayTagTree: Construct from data asset -  0.000 s
[2018.11.12-18.18.42:381][  0]LogStats: UGameplayTagsManager::ConstructGameplayTagTree: ImportINI -  0.000 s
[2018.11.12-18.18.42:382][  0]LogStats: UGameplayTagsManager::ConstructGameplayTagTree: GameplayTagTreeChangedEvent.Broadcast -  0.000 s
[2018.11.12-18.18.42:979][  0]LogFileCache: Scanning file cache for directory 'D:/Github/FinalProjectPD1/Content/' took 0.06s
[2018.11.12-18.18.47:257][  0]SourceControl: Source control is disabled
[2018.11.12-18.18.47:258][  0]Cmd: MAP LOAD FILE="D:/Github/FinalProjectPD1/Content/2DSideScrollerBP/Maps/MainMenu.umap" TEMPLATE=0 SHOWPROGRESS=1 FEATURELEVEL=3
[2018.11.12-18.18.47:317][  0]LightingResults: New page: Lighting Build
[2018.11.12-18.18.47:333][  0]MapCheck: New page: Map Check
[2018.11.12-18.18.47:333][  0]LightingResults: New page: Lighting Build
[2018.11.12-18.18.50:842][  0]LogAIModule: Creating AISystem for world MainMenu
[2018.11.12-18.18.50:889][  0]LogEditorServer: Finished looking for orphan Actors (0.000 secs)
[2018.11.12-18.18.51:047][  0]Cmd: MAP CHECKDEP NOCLEARLOG
[2018.11.12-18.18.51:488][  0]MapCheck: Map check complete: 0 Error(s), 0 Warning(s), took 439.566ms to complete.
[2018.11.12-18.18.51:489][  0]LogFileHelpers: Loading map 'MainMenu' took 4.231
[2018.11.12-18.18.52:549][  0]LogCollectionManager: Loaded 0 collections in 0.006210 seconds
[2018.11.12-18.18.52:666][  0]LogFileCache: Scanning file cache for directory 'D:/Github/FinalProjectPD1/Saved/Collections/' took 0.02s
[2018.11.12-18.18.52:666][  0]LogFileCache: Scanning file cache for directory 'D:/Github/FinalProjectPD1/Content/Developers/ASUS/Collections/' took 0.01s
[2018.11.12-18.18.52:666][  0]LogFileCache: Scanning file cache for directory 'D:/Github/FinalProjectPD1/Content/Collections/' took 0.02s
[2018.11.12-18.18.52:666][  0]LogCollectionManager: Rebuilt the GUID cache for 0 collections in 0.000001 seconds
[2018.11.12-18.18.52:745][  0]LogContentBrowser: Native class hierarchy populated in 0.0771 seconds. Added 2572 classes and 603 folders.
[2018.11.12-18.18.52:785][  0]LogContentBrowser: Native class hierarchy updated for 'WidgetCarousel' in 0.0016 seconds. Added 0 classes and 0 folders.
[2018.11.12-18.18.56:337][  0]LogContentBrowser: Native class hierarchy updated for 'AddContentDialog' in 0.0019 seconds. Added 0 classes and 0 folders.
[2018.11.12-18.18.56:687][  0]LogSlate: Updating window title bar state: overlay mode, drag disabled, window buttons hidden, title bar hidden
[2018.11.12-18.18.56:757][  0]LogSlate: Updating window title bar state: overlay mode, drag disabled, window buttons hidden, title bar hidden
[2018.11.12-18.18.56:813][  0]LogSlate: Updating window title bar state: overlay mode, drag disabled, window buttons hidden, title bar hidden
[2018.11.12-18.18.56:865][  0]LogSlate: Updating window title bar state: overlay mode, drag disabled, window buttons hidden, title bar hidden
[2018.11.12-18.18.57:024][  0]LogContentBrowser: Native class hierarchy updated for 'SceneOutliner' in 0.0027 seconds. Added 1 classes and 2 folders.
[2018.11.12-18.18.57:697][  0]LogSlate: Took 0.092858 seconds to synchronously load lazily loaded font '../../../Engine/Content/Slate/Fonts/Roboto-Regular.ttf' (155K)
[2018.11.12-18.18.57:757][  0]LogSlate: Took 0.048355 seconds to synchronously load lazily loaded font '../../../Engine/Content/Editor/Slate/Fonts/FontAwesome.ttf' (139K)
[2018.11.12-18.18.57:792][  0]LogSlate: Took 0.034358 seconds to synchronously load lazily loaded font '../../../Engine/Content/Slate/Fonts/Roboto-Bold.ttf' (160K)
[2018.11.12-18.18.58:485][  0]LogRenderer: Reallocating scene render targets to support 1160x1040 Format 10 NumSamples 1 (Frame:1).
[2018.11.12-18.18.58:990][  0]LogContentBrowser: Native class hierarchy updated for 'HierarchicalLODOutliner' in 0.0019 seconds. Added 0 classes and 0 folders.
[2018.11.12-18.18.58:990][  0]LogLoad: (Engine Initialization) Total time: 183.94 seconds
[2018.11.12-18.18.58:990][  0]LogLoad: (Engine Initialization) Total Blueprint compile time: 0.00 seconds
[2018.11.12-18.18.59:091][  0]LogContentStreaming: Texture pool size now 1000 MB
[2018.11.12-18.19.07:122][ 20]LogAssetRegistry: Asset discovery search completed in 97.4679 seconds
[2018.11.12-18.19.07:153][ 20]LogCollectionManager: Rebuilt the object cache for 0 collections in 0.000001 seconds (found 0 objects)
[2018.11.12-18.19.07:153][ 20]LogCollectionManager: Fixed up redirectors for 0 collections in 0.013020 seconds (updated 0 objects)
[2018.11.12-18.24.01:864][719]LogInit: XAudio2 using 'Speakers (Conexant SmartAudio HD)' : 2 channels at 48 kHz using 32 bits per sample (channel mask 0x3)
[2018.11.12-18.24.06:175][867]LogInit: XAudio2 using 'Speakers (Conexant SmartAudio HD)' : 2 channels at 48 kHz using 32 bits per sample (channel mask 0x3)
[2018.11.12-18.29.00:312][338]LogInit: XAudio2 using 'Speakers (Conexant SmartAudio HD)' : 2 channels at 48 kHz using 32 bits per sample (channel mask 0x3)
[2018.11.12-18.39.33:923][885]LogInit: XAudio2 using 'Speakers (Conexant SmartAudio HD)' : 2 channels at 48 kHz using 32 bits per sample (channel mask 0x3)
[2018.11.12-18.39.37:370][ 25]LogInit: XAudio2 using 'Speakers (Conexant SmartAudio HD)' : 2 channels at 48 kHz using 32 bits per sample (channel mask 0x3)
[2018.11.12-18.39.45:083][320]LogInit: XAudio2 using 'Speakers (Conexant SmartAudio HD)' : 2 channels at 48 kHz using 32 bits per sample (channel mask 0x3)
[2018.11.12-18.43.31:757][114]LogSlate: FSceneViewport::OnFocusLost() reason 0
[2018.11.12-19.36.37:889][790]LogAIModule: Creating AISystem for world Platformer_Stage1
[2018.11.12-19.36.38:113][790]LogSlate: Took 0.023571 seconds to synchronously load lazily loaded font '../../../Engine/Content/Slate/Fonts/Roboto-Light.ttf' (167K)
[2018.11.12-19.36.38:126][790]LogAssetEditorManager: Opening Asset editor for World /Game/2DSideScrollerBP/Maps/Platformer_Stage1.Platformer_Stage1
[2018.11.12-19.36.38:153][790]Cmd: MAP LOAD FILE="D:/Github/FinalProjectPD1/Content/2DSideScrollerBP/Maps/Platformer_Stage1.umap" TEMPLATE=0 SHOWPROGRESS=1 FEATURELEVEL=3
[2018.11.12-19.36.38:153][790]LightingResults: New page: Lighting Build
[2018.11.12-19.36.38:154][790]LoadErrors: New page: Loading map: Platformer_Stage1.umap
[2018.11.12-19.36.38:155][790]MapCheck: New page: Map Check
[2018.11.12-19.36.38:155][790]LightingResults: New page: Lighting Build
[2018.11.12-19.36.38:313][790]LogEditorServer: Finished looking for orphan Actors (0.000 secs)
[2018.11.12-19.36.38:389][790]Cmd: MAP CHECKDEP NOCLEARLOG
[2018.11.12-19.36.41:158][790]MapCheck: Map check complete: 0 Error(s), 0 Warning(s), took 2,768.526ms to complete.
[2018.11.12-19.36.41:160][790]LogFileHelpers: Loading map 'Platformer_Stage1' took 3.007
[2018.11.12-19.36.50:790][339]LogSlate: FSceneViewport::OnFocusLost() reason 0
[2018.11.12-19.37.12:988][621]LogFactory: FactoryCreateFile: Texture with ReimportTextureFactory (0 0 C:\Users\ASUS\Desktop\Proj_dev_1_final\Final_project(WIP)\Collectibles\Shards\Memory_shards.png)
[2018.11.12-19.37.12:994][621]LogTexture: Display: Building textures: Memory_shards (AutoDXT, 512X128)
[2018.11.12-19.37.21:823][131]LogTexture: Display: Building textures: Memory_shards (BGRA8, 512X128)
[2018.11.12-19.37.28:453][512]LogSlate: Took 0.089963 seconds to synchronously load lazily loaded font '../../../Engine/Content/Slate/Fonts/Roboto-BoldCondensed.ttf' (158K)
[2018.11.12-19.37.40:083][193]LogSlate: Window 'Extract sprites' being destroyed
[2018.11.12-19.37.46:925][590]Cmd: OBJ SAVEPACKAGE PACKAGE="/Game/2DSideScrollerBP/Sprites/Memory_shards_Sprite_0" FILE="D:/Github/FinalProjectPD1/Content/2DSideScrollerBP/Sprites/Memory_shards_Sprite_0.uasset" SILENT=true
[2018.11.12-19.37.46:940][590]LogSavePackage: Moving 'D:/Github/FinalProjectPD1/Saved/Memory_shards_Sprite_00CBE4BC148CF3F6AB4568FB6C2AAAD57.tmp' to 'D:/Github/FinalProjectPD1/Content/2DSideScrollerBP/Sprites/Memory_shards_Sprite_0.uasset'
[2018.11.12-19.37.46:961][590]Cmd: OBJ SAVEPACKAGE PACKAGE="/Game/2DSideScrollerBP/Sprites/Memory_shards_Sprite_1" FILE="D:/Github/FinalProjectPD1/Content/2DSideScrollerBP/Sprites/Memory_shards_Sprite_1.uasset" SILENT=true
[2018.11.12-19.37.47:046][590]LogSavePackage: Moving 'D:/Github/FinalProjectPD1/Saved/Memory_shards_Sprite_1E2FC90084706078870AE00A3B6024BA9.tmp' to 'D:/Github/FinalProjectPD1/Content/2DSideScrollerBP/Sprites/Memory_shards_Sprite_1.uasset'
[2018.11.12-19.37.47:062][590]Cmd: OBJ SAVEPACKAGE PACKAGE="/Game/2DSideScrollerBP/Sprites/Memory_shards_Sprite_2" FILE="D:/Github/FinalProjectPD1/Content/2DSideScrollerBP/Sprites/Memory_shards_Sprite_2.uasset" SILENT=true
[2018.11.12-19.37.47:076][590]LogSavePackage: Moving 'D:/Github/FinalProjectPD1/Saved/Memory_shards_Sprite_22C00DF5647E6B0BA760C138943C34A12.tmp' to 'D:/Github/FinalProjectPD1/Content/2DSideScrollerBP/Sprites/Memory_shards_Sprite_2.uasset'
[2018.11.12-19.37.47:093][590]Cmd: OBJ SAVEPACKAGE PACKAGE="/Game/2DSideScrollerBP/Sprites/Memory_shards_Sprite_3" FILE="D:/Github/FinalProjectPD1/Content/2DSideScrollerBP/Sprites/Memory_shards_Sprite_3.uasset" SILENT=true
[2018.11.12-19.37.47:107][590]LogSavePackage: Moving 'D:/Github/FinalProjectPD1/Saved/Memory_shards_Sprite_3D1E5878245A3A33721C668BB36B30176.tmp' to 'D:/Github/FinalProjectPD1/Content/2DSideScrollerBP/Sprites/Memory_shards_Sprite_3.uasset'
[2018.11.12-19.38.28:792][ 17]LogSavePackage: Moving 'D:/Github/FinalProjectPD1/Saved/Memory_shards_Sprite_04BC89D15449D076ACFAF3499CBA30C23.tmp' to 'D:/Github/FinalProjectPD1/Content/2DSideScrollerBP/Sprites/collectibles/shards/Memory_shards_Sprite_0.uasset'
[2018.11.12-19.38.28:823][ 17]LogSavePackage: Moving 'D:/Github/FinalProjectPD1/Saved/Memory_shards_Sprite_1B7DA14D54601B46D6444E3BCC4BB7EBC.tmp' to 'D:/Github/FinalProjectPD1/Content/2DSideScrollerBP/Sprites/collectibles/shards/Memory_shards_Sprite_1.uasset'
[2018.11.12-19.38.28:853][ 17]LogSavePackage: Moving 'D:/Github/FinalProjectPD1/Saved/Memory_shards_Sprite_29D56F55E4D9626404AD374B1CFE99CD7.tmp' to 'D:/Github/FinalProjectPD1/Content/2DSideScrollerBP/Sprites/collectibles/shards/Memory_shards_Sprite_2.uasset'
[2018.11.12-19.38.28:884][ 17]LogSavePackage: Moving 'D:/Github/FinalProjectPD1/Saved/Memory_shards_Sprite_3D4F5D4E148E3A549452E70B41DCB3398.tmp' to 'D:/Github/FinalProjectPD1/Content/2DSideScrollerBP/Sprites/collectibles/shards/Memory_shards_Sprite_3.uasset'
[2018.11.12-19.38.40:434][671]LogAssetEditorManager: Opening Asset editor for PaperFlipbook /Game/2DSideScrollerBP/Sprites/collectibles/shards/Memory_shards.Memory_shards
[2018.11.12-19.38.40:716][672]LogRenderer: Reallocating scene render targets to support 1384x1040 Format 10 NumSamples 1 (Frame:1).
[2018.11.12-19.38.54:283][385]LogSavePackage: Moving 'D:/Github/FinalProjectPD1/Saved/Memory_shards1227904B49172B631DE63CBEF4A27345.tmp' to 'D:/Github/FinalProjectPD1/Content/2DSideScrollerBP/Sprites/collectibles/shards/Memory_shards.uasset'
[2018.11.12-19.38.57:086][550]LogSlate: Window 'Memory_shards' being destroyed
[2018.11.12-19.38.57:094][550]LogSlate: Window 'Memory_shards' being destroyed
[2018.11.12-19.39.01:215][786]Cmd: OBJ SAVEPACKAGE PACKAGE="/Game/2DSideScrollerBP/Sprites/Memory_shards" FILE="D:/Github/FinalProjectPD1/Content/2DSideScrollerBP/Sprites/Memory_shards.uasset" SILENT=true
[2018.11.12-19.39.01:228][786]LogSavePackage: Moving 'D:/Github/FinalProjectPD1/Saved/Memory_shardsEE3A2C64421E43E8042880B7847A5ABB.tmp' to 'D:/Github/FinalProjectPD1/Content/2DSideScrollerBP/Sprites/Memory_shards.uasset'
[2018.11.12-19.39.12:353][413]Cmd: OBJ SAVEPACKAGE PACKAGE="/Game/2DSideScrollerBP/Flipbooks/Memory_shards" FILE="D:/Github/FinalProjectPD1/Content/2DSideScrollerBP/Flipbooks/Memory_shards.uasset" SILENT=true
[2018.11.12-19.39.12:366][413]LogSavePackage: Moving 'D:/Github/FinalProjectPD1/Saved/Memory_shardsF6B8B8B1412452085410BE8D7BFC4C33.tmp' to 'D:/Github/FinalProjectPD1/Content/2DSideScrollerBP/Flipbooks/Memory_shards.uasset'
[2018.11.12-19.39.28:339][342]Cmd: OBJ SAVEPACKAGE PACKAGE="/Game/2DSideScrollerBP/Flipbooks/Saw_2" FILE="D:/Github/FinalProjectPD1/Content/2DSideScrollerBP/Flipbooks/Saw_2.uasset" SILENT=true
[2018.11.12-19.39.28:427][342]LogSavePackage: Moving 'D:/Github/FinalProjectPD1/Saved/Saw_22D469DBD4D1127981C59C7A642C93BE0.tmp' to 'D:/Github/FinalProjectPD1/Content/2DSideScrollerBP/Flipbooks/Saw_2.uasset'
[2018.11.12-19.47.43:627][171]LogFileHelpers: Editor autosave (incl. sublevels) for '/Game/2DSideScrollerBP/Maps/Platformer_Stage1' took 0.027
[2018.11.12-19.47.43:629][171]OBJ SavePackage: Generating thumbnails for [1] asset(s) in package [/Game/2DSideScrollerBP/Textures/Memory_shards] ([1] browsable assets)...
[2018.11.12-19.47.43:635][171]OBJ SavePackage:     Rendered thumbnail for [Texture2D /Game/2DSideScrollerBP/Textures/Memory_shards.Memory_shards]
[2018.11.12-19.47.43:635][171]OBJ SavePackage: Finished generating thumbnails for package [/Game/2DSideScrollerBP/Textures/Memory_shards]
[2018.11.12-19.47.43:648][171]LogSavePackage: Moving 'D:/Github/FinalProjectPD1/Saved/Memory_shards_Auto164AD2E4541FFDEBD4FA8BB8E0A216394.tmp' to 'D:/Github/FinalProjectPD1/Saved/Autosaves/Game/2DSideScrollerBP/Textures/Memory_shards_Auto1.uasset'
[2018.11.12-19.47.43:649][171]LogFileHelpers: Auto-saving content packages took 0.020
[2018.11.12-19.51.13:438][565]LogFactory: FactoryCreateFile: Texture with ReimportTextureFactory (0 0 C:\Users\ASUS\Desktop\Proj_dev_1_final\Final_project(WIP)\Collectibles\HP\HP.png)
[2018.11.12-19.51.13:448][565]LogTexture: Display: Building textures: HP (AutoDXT, 768X128)
[2018.11.12-19.51.18:677][864]Cmd: OBJ SAVEPACKAGE PACKAGE="/Game/2DSideScrollerBP/Textures/HP" FILE="D:/Github/FinalProjectPD1/Content/2DSideScrollerBP/Textures/HP.uasset" SILENT=true
[2018.11.12-19.51.18:692][864]LogSavePackage: Moving 'D:/Github/FinalProjectPD1/Saved/HP4D8235164D95A8E81D9B3A905C899A6A.tmp' to 'D:/Github/FinalProjectPD1/Content/2DSideScrollerBP/Textures/HP.uasset'
[2018.11.12-19.51.25:247][240]LogTexture: Display: Building textures: HP (BGRA8, 768X128)
[2018.11.12-19.51.39:295][ 55]LogSlate: Window 'Extract sprites' being destroyed
[2018.11.12-19.51.46:870][495]Cmd: OBJ SAVEPACKAGE PACKAGE="/Game/2DSideScrollerBP/Sprites/HP_Sprite_0" FILE="D:/Github/FinalProjectPD1/Content/2DSideScrollerBP/Sprites/HP_Sprite_0.uasset" SILENT=true
[2018.11.12-19.51.46:884][495]LogSavePackage: Moving 'D:/Github/FinalProjectPD1/Saved/HP_Sprite_09E3665CC411FA613AA052681501C55FA.tmp' to 'D:/Github/FinalProjectPD1/Content/2DSideScrollerBP/Sprites/HP_Sprite_0.uasset'
[2018.11.12-19.51.46:901][495]Cmd: OBJ SAVEPACKAGE PACKAGE="/Game/2DSideScrollerBP/Sprites/HP_Sprite_1" FILE="D:/Github/FinalProjectPD1/Content/2DSideScrollerBP/Sprites/HP_Sprite_1.uasset" SILENT=true
[2018.11.12-19.51.46:915][495]LogSavePackage: Moving 'D:/Github/FinalProjectPD1/Saved/HP_Sprite_1A03ACD1145F769F0B27978903FBFCA39.tmp' to 'D:/Github/FinalProjectPD1/Content/2DSideScrollerBP/Sprites/HP_Sprite_1.uasset'
[2018.11.12-19.51.46:929][495]Cmd: OBJ SAVEPACKAGE PACKAGE="/Game/2DSideScrollerBP/Sprites/HP_Sprite_2" FILE="D:/Github/FinalProjectPD1/Content/2DSideScrollerBP/Sprites/HP_Sprite_2.uasset" SILENT=true
[2018.11.12-19.51.46:944][495]LogSavePackage: Moving 'D:/Github/FinalProjectPD1/Saved/HP_Sprite_23C0429D1445ADCF254320695E698F07F.tmp' to 'D:/Github/FinalProjectPD1/Content/2DSideScrollerBP/Sprites/HP_Sprite_2.uasset'
[2018.11.12-19.51.46:960][495]Cmd: OBJ SAVEPACKAGE PACKAGE="/Game/2DSideScrollerBP/Sprites/HP_Sprite_3" FILE="D:/Github/FinalProjectPD1/Content/2DSideScrollerBP/Sprites/HP_Sprite_3.uasset" SILENT=true
[2018.11.12-19.51.47:017][495]LogSavePackage: Moving 'D:/Github/FinalProjectPD1/Saved/HP_Sprite_38835066F4F0A020DEEA02682A2C1A54A.tmp' to 'D:/Github/FinalProjectPD1/Content/2DSideScrollerBP/Sprites/HP_Sprite_3.uasset'
[2018.11.12-19.51.47:036][495]Cmd: OBJ SAVEPACKAGE PACKAGE="/Game/2DSideScrollerBP/Sprites/HP_Sprite_4" FILE="D:/Github/FinalProjectPD1/Content/2DSideScrollerBP/Sprites/HP_Sprite_4.uasset" SILENT=true
[2018.11.12-19.51.47:050][495]LogSavePackage: Moving 'D:/Github/FinalProjectPD1/Saved/HP_Sprite_442630992463B44A6406C80B4EC2E31C5.tmp' to 'D:/Github/FinalProjectPD1/Content/2DSideScrollerBP/Sprites/HP_Sprite_4.uasset'
[2018.11.12-19.51.47:067][495]Cmd: OBJ SAVEPACKAGE PACKAGE="/Game/2DSideScrollerBP/Sprites/HP_Sprite_5" FILE="D:/Github/FinalProjectPD1/Content/2DSideScrollerBP/Sprites/HP_Sprite_5.uasset" SILENT=true
[2018.11.12-19.51.47:080][495]LogSavePackage: Moving 'D:/Github/FinalProjectPD1/Saved/HP_Sprite_54E60C2D14F67BD4C59A2EDAEA62A3569.tmp' to 'D:/Github/FinalProjectPD1/Content/2DSideScrollerBP/Sprites/HP_Sprite_5.uasset'
[2018.11.12-19.52.18:339][305]Cmd: OBJ SAVEPACKAGE PACKAGE="/Game/2DSideScrollerBP/Sprites/collectibles/hp/HP_Sprite_0" FILE="D:/Github/FinalProjectPD1/Content/2DSideScrollerBP/Sprites/collectibles/hp/HP_Sprite_0.uasset" SILENT=true
[2018.11.12-19.52.18:354][305]LogSavePackage: Moving 'D:/Github/FinalProjectPD1/Saved/HP_Sprite_0F34DFE8248A8D748217C3680CFCAB06F.tmp' to 'D:/Github/FinalProjectPD1/Content/2DSideScrollerBP/Sprites/collectibles/hp/HP_Sprite_0.uasset'
[2018.11.12-19.52.18:371][305]Cmd: OBJ SAVEPACKAGE PACKAGE="/Game/2DSideScrollerBP/Sprites/collectibles/hp/HP_Sprite_1" FILE="D:/Github/FinalProjectPD1/Content/2DSideScrollerBP/Sprites/collectibles/hp/HP_Sprite_1.uasset" SILENT=true
[2018.11.12-19.52.18:385][305]LogSavePackage: Moving 'D:/Github/FinalProjectPD1/Saved/HP_Sprite_115A2D8444617D34758F0568305BF90A0.tmp' to 'D:/Github/FinalProjectPD1/Content/2DSideScrollerBP/Sprites/collectibles/hp/HP_Sprite_1.uasset'
[2018.11.12-19.52.18:401][305]Cmd: OBJ SAVEPACKAGE PACKAGE="/Game/2DSideScrollerBP/Sprites/collectibles/hp/HP_Sprite_2" FILE="D:/Github/FinalProjectPD1/Content/2DSideScrollerBP/Sprites/collectibles/hp/HP_Sprite_2.uasset" SILENT=true
[2018.11.12-19.52.18:416][305]LogSavePackage: Moving 'D:/Github/FinalProjectPD1/Saved/HP_Sprite_2EB43C9844BDA641152545188EA623982.tmp' to 'D:/Github/FinalProjectPD1/Content/2DSideScrollerBP/Sprites/collectibles/hp/HP_Sprite_2.uasset'
[2018.11.12-19.52.18:431][305]Cmd: OBJ SAVEPACKAGE PACKAGE="/Game/2DSideScrollerBP/Sprites/collectibles/hp/HP_Sprite_3" FILE="D:/Github/FinalProjectPD1/Content/2DSideScrollerBP/Sprites/collectibles/hp/HP_Sprite_3.uasset" SILENT=true
[2018.11.12-19.52.18:446][305]LogSavePackage: Moving 'D:/Github/FinalProjectPD1/Saved/HP_Sprite_3176615EF43585BFFDB75EBBAB911A53C.tmp' to 'D:/Github/FinalProjectPD1/Content/2DSideScrollerBP/Sprites/collectibles/hp/HP_Sprite_3.uasset'
[2018.11.12-19.52.18:464][305]Cmd: OBJ SAVEPACKAGE PACKAGE="/Game/2DSideScrollerBP/Sprites/collectibles/hp/HP_Sprite_4" FILE="D:/Github/FinalProjectPD1/Content/2DSideScrollerBP/Sprites/collectibles/hp/HP_Sprite_4.uasset" SILENT=true
[2018.11.12-19.52.18:478][305]LogSavePackage: Moving 'D:/Github/FinalProjectPD1/Saved/HP_Sprite_4C8805EED44900CCBE4CF0E8DE40BBAFC.tmp' to 'D:/Github/FinalProjectPD1/Content/2DSideScrollerBP/Sprites/collectibles/hp/HP_Sprite_4.uasset'
[2018.11.12-19.52.18:496][305]Cmd: OBJ SAVEPACKAGE PACKAGE="/Game/2DSideScrollerBP/Sprites/collectibles/hp/HP_Sprite_5" FILE="D:/Github/FinalProjectPD1/Content/2DSideScrollerBP/Sprites/collectibles/hp/HP_Sprite_5.uasset" SILENT=true
[2018.11.12-19.52.18:512][305]LogSavePackage: Moving 'D:/Github/FinalProjectPD1/Saved/HP_Sprite_51EEDA746433D1BA191B7279C51BA9E2E.tmp' to 'D:/Github/FinalProjectPD1/Content/2DSideScrollerBP/Sprites/collectibles/hp/HP_Sprite_5.uasset'
[2018.11.12-19.52.29:998][950]LogAssetEditorManager: Opening Asset editor for PaperFlipbook /Game/2DSideScrollerBP/Sprites/collectibles/hp/HP.HP
[2018.11.12-19.52.51:043][126]Cmd: OBJ SAVEPACKAGE PACKAGE="/Game/2DSideScrollerBP/Sprites/collectibles/hp/HP" FILE="D:/Github/FinalProjectPD1/Content/2DSideScrollerBP/Sprites/collectibles/hp/HP.uasset" SILENT=true
[2018.11.12-19.52.51:057][126]LogSavePackage: Moving 'D:/Github/FinalProjectPD1/Saved/HPC770BE2E4947571CC8AEB3BA78DD91AE.tmp' to 'D:/Github/FinalProjectPD1/Content/2DSideScrollerBP/Sprites/collectibles/hp/HP.uasset'
[2018.11.12-19.52.53:319][261]LogSlate: Window 'HP' being destroyed
[2018.11.12-19.52.53:327][261]LogSlate: Window 'HP' being destroyed
[2018.11.12-19.53.02:062][773]Cmd: OBJ SAVEPACKAGE PACKAGE="/Game/2DSideScrollerBP/Flipbooks/HP" FILE="D:/Github/FinalProjectPD1/Content/2DSideScrollerBP/Flipbooks/HP.uasset" SILENT=true
[2018.11.12-19.53.02:075][773]LogSavePackage: Moving 'D:/Github/FinalProjectPD1/Saved/HP37B4547B49D84E00044C628F8017D821.tmp' to 'D:/Github/FinalProjectPD1/Content/2DSideScrollerBP/Flipbooks/HP.uasset'
[2018.11.12-19.53.31:407][461]LogSlate: FSceneViewport::OnFocusLost() reason 0
[2018.11.12-19.53.40:038][973]LogSlate: FSceneViewport::OnFocusLost() reason 0
[2018.11.12-19.53.45:795][310]LogSlate: FSceneViewport::OnFocusLost() reason 0
[2018.11.12-19.53.50:047][563]LogEditorViewport: Clicking on Actor (LMB): PaperSpriteActor (Platform_1_Sprite_3)
[2018.11.12-19.53.51:469][644]LogEditorViewport: Clicking on Actor (LMB): PaperFlipbookActor (Memory_shards)
[2018.11.12-19.53.57:955][ 20]LogEditorViewport: Clicking Background
[2018.11.12-19.54.01:441][227]LogEditorViewport: Clicking on Actor (LMB): PaperFlipbookActor (Memory_shards)
[2018.11.12-19.54.08:318][630]Cmd: DELETE
[2018.11.12-19.54.08:318][630]Cmd: ACTOR DELETE
[2018.11.12-19.54.08:328][630]LogEditorActor: Deleted Actor: PaperFlipbookActor
[2018.11.12-19.54.08:353][630]LogEditorActor: Deleted 1 Actors (0.035 secs)
[2018.11.12-19.54.08:995][668]LogEditorViewport: Clicking on Actor (LMB): PaperFlipbookActor (HP)
[2018.11.12-19.54.09:407][689]Cmd: DELETE
[2018.11.12-19.54.09:407][689]Cmd: ACTOR DELETE
[2018.11.12-19.54.09:417][689]LogEditorActor: Deleted Actor: PaperFlipbookActor
[2018.11.12-19.54.09:442][689]LogEditorActor: Deleted 1 Actors (0.035 secs)
[2018.11.12-19.54.11:848][831]LogSlate: FSceneViewport::OnFocusLost() reason 0
[2018.11.12-19.54.12:439][837]LogSavePackage: Moving 'D:/Github/FinalProjectPD1/Saved/Platformer_Stage1FAFA2C7949D5819C8B386086031A8F8B.tmp' to 'D:/Github/FinalProjectPD1/Content/2DSideScrollerBP/Maps/Platformer_Stage1.umap'
[2018.11.12-19.54.19:941][192]LogSlate: Window 'Save Content' being destroyed
[2018.11.12-19.54.19:979][192]Cmd: OBJ SAVEPACKAGE PACKAGE="/Game/2DSideScrollerBP/Textures/HP" FILE="D:/Github/FinalProjectPD1/Content/2DSideScrollerBP/Textures/HP.uasset" SILENT=true
[2018.11.12-19.54.20:003][192]LogSavePackage: Moving 'D:/Github/FinalProjectPD1/Saved/HPB3DB0DCF4467C26DAA7A47BA0115567F.tmp' to 'D:/Github/FinalProjectPD1/Content/2DSideScrollerBP/Textures/HP.uasset'
[2018.11.12-19.54.20:010][192]Cmd: OBJ SAVEPACKAGE PACKAGE="/Game/2DSideScrollerBP/Textures/Memory_shards" FILE="D:/Github/FinalProjectPD1/Content/2DSideScrollerBP/Textures/Memory_shards.uasset" SILENT=true
[2018.11.12-19.54.20:030][192]LogSavePackage: Moving 'D:/Github/FinalProjectPD1/Saved/Memory_shards8D7A485C4BC4A60344F5E5A24AE61A22.tmp' to 'D:/Github/FinalProjectPD1/Content/2DSideScrollerBP/Textures/Memory_shards.uasset'
[2018.11.12-19.54.20:156][192]LogSlate: Window 'FinalProject - Unreal Editor' being destroyed
[2018.11.12-19.54.20:157][192]LogWindowsTextInputMethodSystem: Display: IME system now deactivated.
[2018.11.12-19.54.20:432][193]Cmd: QUIT_EDITOR
[2018.11.12-19.54.20:474][193]LogExit: Preparing to exit.
[2018.11.12-19.54.21:485][193]LogExit: Editor shut down
[2018.11.12-19.54.21:485][193]LogExit: Transaction tracking system shut down
[2018.11.12-19.54.21:731][193]LogExit: Object subsystem successfully closed.
[2018.11.12-19.54.21:754][193]LogShaderCompilers: Display: Shaders left to compile 0
[2018.11.12-19.54.21:758][193]LogD3D11RHI: Shutdown
[2018.11.12-19.54.21:758][193]LogD3D11RHI: CleanupD3DDevice
[2018.11.12-19.54.21:760][193]LogD3D11RHI: ~FD3D11DynamicRHI
[2018.11.12-19.54.21:774][193]LogModuleManager: Shutting down and abandoning module HierarchicalLODOutliner (610)
[2018.11.12-19.54.21:775][193]LogModuleManager: Shutting down and abandoning module SceneOutliner (608)
[2018.11.12-19.54.21:775][193]LogModuleManager: Shutting down and abandoning module AddContentDialog (606)
[2018.11.12-19.54.21:775][193]LogModuleManager: Shutting down and abandoning module WidgetCarousel (605)
[2018.11.12-19.54.21:775][193]LogModuleManager: Shutting down and abandoning module EditorWidgets (602)
[2018.11.12-19.54.21:775][193]LogModuleManager: Shutting down and abandoning module CollectionManager (600)
[2018.11.12-19.54.21:776][193]LogModuleManager: Shutting down and abandoning module StatsViewer (598)
[2018.11.12-19.54.21:776][193]LogModuleManager: Shutting down and abandoning module FoliageEdit (596)
[2018.11.12-19.54.21:776][193]LogModuleManager: Shutting down and abandoning module LandscapeEditor (594)
[2018.11.12-19.54.21:776][193]LogModuleManager: Shutting down and abandoning module MeshPaintMode (592)
[2018.11.12-19.54.21:776][193]LogModuleManager: Shutting down and abandoning module SceneDepthPickerMode (590)
[2018.11.12-19.54.21:776][193]LogModuleManager: Shutting down and abandoning module ActorPickerMode (588)
[2018.11.12-19.54.21:776][193]LogModuleManager: Shutting down and abandoning module GeometryMode (586)
[2018.11.12-19.54.21:776][193]LogModuleManager: Shutting down and abandoning module TextureAlignMode (584)
[2018.11.12-19.54.21:776][193]LogModuleManager: Shutting down and abandoning module BspMode (582)
[2018.11.12-19.54.21:776][193]LogModuleManager: Shutting down and abandoning module PIEPreviewDeviceProfileSelector (580)
[2018.11.12-19.54.21:776][193]LogModuleManager: Shutting down and abandoning module SequenceRecorderSections (578)
[2018.11.12-19.54.21:776][193]LogModuleManager: Shutting down and abandoning module AutomationWorker (576)
[2018.11.12-19.54.21:776][193]LogModuleManager: Shutting down and abandoning module AudioCaptureEditor (574)
[2018.11.12-19.54.21:776][193]LogModuleManager: Shutting down and abandoning module SequenceRecorder (573)
[2018.11.12-19.54.21:776][193]LogModuleManager: Shutting down and abandoning module MatineeToLevelSequence (570)
[2018.11.12-19.54.21:776][193]LogModuleManager: Shutting down and abandoning module LevelSequenceEditor (568)
[2018.11.12-19.54.21:776][193]LogModuleManager: Shutting down and abandoning module PlacementMode (567)
[2018.11.12-19.54.21:776][193]LogModuleManager: Shutting down and abandoning module MaterialEditor (566)
[2018.11.12-19.54.21:776][193]LogModuleManager: Shutting down and abandoning module WmfMediaFactory (562)
[2018.11.12-19.54.21:776][193]LogModuleManager: Shutting down and abandoning module WmfMediaEditor (560)
[2018.11.12-19.54.21:776][193]LogModuleManager: Shutting down and abandoning module MediaPlayerEditor (558)
[2018.11.12-19.54.21:776][193]LogModuleManager: Shutting down and abandoning module OpenExrWrapper (556)
[2018.11.12-19.54.21:776][193]LogModuleManager: Shutting down and abandoning module ImgMediaFactory (554)
[2018.11.12-19.54.21:777][193]LogModuleManager: Shutting down and abandoning module ImgMediaEditor (552)
[2018.11.12-19.54.21:777][193]LogModuleManager: Shutting down and abandoning module AvfMediaFactory (550)
[2018.11.12-19.54.21:777][193]LogModuleManager: Shutting down and abandoning module AvfMediaEditor (548)
[2018.11.12-19.54.21:777][193]LogModuleManager: Shutting down and abandoning module AndroidMediaFactory (546)
[2018.11.12-19.54.21:777][193]LogModuleManager: Shutting down and abandoning module AndroidMediaEditor (544)
[2018.11.12-19.54.21:777][193]LogModuleManager: Shutting down and abandoning module MagicLeapCameraPreviewFactory (542)
[2018.11.12-19.54.21:777][193]LogModuleManager: Shutting down and abandoning module MagicLeapMediaFactory (540)
[2018.11.12-19.54.21:777][193]LogModuleManager: Shutting down and abandoning module MagicLeapMediaEditor (538)
[2018.11.12-19.54.21:777][193]LogModuleManager: Shutting down and abandoning module CharacterAI (536)
[2018.11.12-19.54.21:777][193]LogModuleManager: Shutting down and abandoning module SmartSnapping (534)
[2018.11.12-19.54.21:777][193]LogModuleManager: Shutting down and abandoning module SessionServices (532)
[2018.11.12-19.54.21:777][193]LogModuleManager: Shutting down and abandoning module ViewportSnapping (530)
[2018.11.12-19.54.21:777][193]LogModuleManager: Shutting down and abandoning module ViewportInteraction (528)
[2018.11.12-19.54.21:777][193]LogModuleManager: Shutting down and abandoning module ClothPainter (526)
[2018.11.12-19.54.21:777][193]LogModuleManager: Shutting down and abandoning module SkeletalMeshEditor (525)
[2018.11.12-19.54.21:777][193]LogModuleManager: Shutting down and abandoning module LogVisualizer (522)
[2018.11.12-19.54.21:777][193]LogModuleManager: Shutting down and abandoning module IntroTutorials (520)
[2018.11.12-19.54.21:777][193]LogModuleManager: Shutting down and abandoning module GameProjectGeneration (519)
[2018.11.12-19.54.21:777][193]LogModuleManager: Shutting down and abandoning module LuminPlatformEditor (516)
[2018.11.12-19.54.21:777][193]LogModuleManager: Shutting down and abandoning module IOSPlatformEditor (514)
[2018.11.12-19.54.21:777][193]LogModuleManager: Shutting down and abandoning module HTML5PlatformEditor (512)
[2018.11.12-19.54.21:777][193]LogModuleManager: Shutting down and abandoning module AndroidPlatformEditor (510)
[2018.11.12-19.54.21:777][193]LogModuleManager: Shutting down and abandoning module AndroidDeviceDetection (509)
[2018.11.12-19.54.22:510][193]LogModuleManager: Shutting down and abandoning module WindowsPlatformEditor (506)
[2018.11.12-19.54.22:510][193]LogModuleManager: Shutting down and abandoning module LuminRuntimeSettings (504)
[2018.11.12-19.54.22:510][193]LogModuleManager: Shutting down and abandoning module IOSRuntimeSettings (502)
[2018.11.12-19.54.22:510][193]LogModuleManager: Shutting down and abandoning module AndroidRuntimeSettings (500)
[2018.11.12-19.54.22:510][193]LogModuleManager: Shutting down and abandoning module InputBindingEditor (498)
[2018.11.12-19.54.22:510][193]LogModuleManager: Shutting down and abandoning module MergeActors (496)
[2018.11.12-19.54.22:511][193]LogModuleManager: Shutting down and abandoning module LocalizationDashboard (494)
[2018.11.12-19.54.22:511][193]LogModuleManager: Shutting down and abandoning module LocalizationService (493)
[2018.11.12-19.54.22:511][193]LogModuleManager: Shutting down and abandoning module HardwareTargeting (490)
[2018.11.12-19.54.22:511][193]LogModuleManager: Shutting down and abandoning module DeviceProfileEditor (488)
[2018.11.12-19.54.22:511][193]LogModuleManager: Shutting down and abandoning module UndoHistory (486)
[2018.11.12-19.54.22:511][193]LogModuleManager: Shutting down and abandoning module XmlParser (484)
[2018.11.12-19.54.22:511][193]LogModuleManager: Shutting down and abandoning module Blutility (482)
[2018.11.12-19.54.22:511][193]LogModuleManager: Shutting down and abandoning module ProjectSettingsViewer (480)
[2018.11.12-19.54.22:511][193]LogModuleManager: Shutting down and abandoning module ProjectTargetPlatformEditor (479)
[2018.11.12-19.54.22:511][193]LogModuleManager: Shutting down and abandoning module EditorSettingsViewer (476)
[2018.11.12-19.54.22:511][193]LogModuleManager: Shutting down and abandoning module SettingsEditor (474)
[2018.11.12-19.54.22:511][193]LogModuleManager: Shutting down and abandoning module ProjectLauncher (472)
[2018.11.12-19.54.22:511][193]LogModuleManager: Shutting down and abandoning module SessionFrontend (470)
[2018.11.12-19.54.22:511][193]LogModuleManager: Shutting down and abandoning module ProfilerClient (468)
[2018.11.12-19.54.22:512][193]LogModuleManager: Shutting down and abandoning module DeviceManager (466)
[2018.11.12-19.54.22:512][193]LogModuleManager: Shutting down and abandoning module TargetDeviceServices (465)
[2018.11.12-19.54.22:576][193]LogModuleManager: Shutting down and abandoning module AutomationController (462)
[2018.11.12-19.54.22:576][193]LogModuleManager: Shutting down and abandoning module AutomationWindow (460)
[2018.11.12-19.54.22:576][193]LogModuleManager: Shutting down and abandoning module Layers (458)
[2018.11.12-19.54.22:576][193]LogModuleManager: Shutting down and abandoning module ComponentVisualizers (456)
[2018.11.12-19.54.22:576][193]LogModuleManager: Shutting down and abandoning module DetailCustomizations (454)
[2018.11.12-19.54.22:576][193]LogModuleManager: Shutting down and abandoning module PackagesDialog (452)
[2018.11.12-19.54.22:576][193]LogModuleManager: Shutting down and abandoning module Persona (450)
[2018.11.12-19.54.22:576][193]LogModuleManager: Shutting down and abandoning module AdvancedPreviewScene (449)
[2018.11.12-19.54.22:577][193]LogModuleManager: Shutting down and abandoning module AnimGraph (447)
[2018.11.12-19.54.22:577][193]LogModuleManager: Shutting down and abandoning module Kismet (444)
[2018.11.12-19.54.22:577][193]LogModuleManager: Shutting down and abandoning module GraphEditor (442)
[2018.11.12-19.54.22:577][193]LogModuleManager: Shutting down and abandoning module ClassViewer (440)
[2018.11.12-19.54.22:577][193]LogModuleManager: Shutting down and abandoning module Toolbox (438)
[2018.11.12-19.54.22:577][193]LogModuleManager: Shutting down and abandoning module DesktopPlatform (437)
[2018.11.12-19.54.22:577][193]LogModuleManager: Shutting down and abandoning module ModuleUI (434)
[2018.11.12-19.54.22:577][193]LogModuleManager: Shutting down and abandoning module MovieSceneTools (432)
[2018.11.12-19.54.22:577][193]LogModuleManager: Shutting down and abandoning module OutputLog (430)
[2018.11.12-19.54.22:577][193]LogModuleManager: Shutting down and abandoning module GammaUI (428)
[2018.11.12-19.54.22:577][193]LogModuleManager: Shutting down and abandoning module Documentation (426)
[2018.11.12-19.54.22:577][193]LogModuleManager: Shutting down and abandoning module MovieSceneTracks (424)
[2018.11.12-19.54.22:577][193]LogModuleManager: Shutting down and abandoning module MovieScene (422)
[2018.11.12-19.54.22:577][193]LogModuleManager: Shutting down and abandoning module StreamingPauseRendering (420)
[2018.11.12-19.54.22:577][193]LogModuleManager: Shutting down and abandoning module LauncherPlatform (418)
[2018.11.12-19.54.22:577][193]LogModuleManager: Shutting down and abandoning module AnalyticsET (416)
[2018.11.12-19.54.22:577][193]LogModuleManager: Shutting down and abandoning module PortalServices (414)
[2018.11.12-19.54.22:577][193]LogModuleManager: Shutting down and abandoning module PortalRpc (412)
[2018.11.12-19.54.22:577][193]LogModuleManager: Shutting down and abandoning module MessagingRpc (410)
[2018.11.12-19.54.22:577][193]LogModuleManager: Shutting down and abandoning module AIModule (408)
[2018.11.12-19.54.22:578][193]LogModuleManager: Shutting down and abandoning module GameplayDebugger (407)
[2018.11.12-19.54.22:578][193]LogModuleManager: Shutting down and abandoning module AITestSuite (405)
[2018.11.12-19.54.22:578][193]LogModuleManager: Shutting down and abandoning module NavigationSystem (403)
[2018.11.12-19.54.22:578][193]LogModuleManager: Shutting down and abandoning module ProfilerService (400)
[2018.11.12-19.54.22:585][193]LogModuleManager: Shutting down and abandoning module TaskGraph (398)
[2018.11.12-19.54.22:585][193]LogModuleManager: Shutting down and abandoning module SteamVRController (396)
[2018.11.12-19.54.22:585][193]LogModuleManager: Shutting down and abandoning module ProceduralMeshComponentEditor (394)
[2018.11.12-19.54.22:585][193]LogModuleManager: Shutting down and abandoning module ProceduralMeshComponent (392)
[2018.11.12-19.54.22:585][193]LogModuleManager: Shutting down and abandoning module OculusInput (390)
[2018.11.12-19.54.22:585][193]LogModuleManager: Shutting down and abandoning module MobilePatchingUtils (388)
[2018.11.12-19.54.22:585][193]LogModuleManager: Shutting down and abandoning module EditableMesh (386)
[2018.11.12-19.54.22:585][193]LogModuleManager: Shutting down and abandoning module CustomMeshComponent (384)
[2018.11.12-19.54.22:586][193]LogModuleManager: Shutting down and abandoning module CableComponent (382)
[2018.11.12-19.54.22:586][193]LogModuleManager: Shutting down and abandoning module AudioCapture (380)
[2018.11.12-19.54.22:586][193]LogModuleManager: Shutting down and abandoning module ArchVisCharacter (378)
[2018.11.12-19.54.22:586][193]LogModuleManager: Shutting down and abandoning module AndroidPermission (376)
[2018.11.12-19.54.22:586][193]LogModuleManager: Shutting down and abandoning module NUTUnrealEngine4 (374)
[2018.11.12-19.54.22:586][193]LogModuleManager: Shutting down and abandoning module NetcodeUnitTest (372)
[2018.11.12-19.54.22:586][193]LogModuleManager: Shutting down and abandoning module MediaCompositingEditor (370)
[2018.11.12-19.54.22:586][193]LogModuleManager: Shutting down and abandoning module MediaCompositing (368)
[2018.11.12-19.54.22:586][193]LogModuleManager: Shutting down and abandoning module LinearTimecode (366)
[2018.11.12-19.54.22:586][193]LogModuleManager: Shutting down and abandoning module ImgMedia (364)
[2018.11.12-19.54.22:590][193]LogModuleManager: Shutting down and abandoning module HTML5Networking (362)
[2018.11.12-19.54.22:590][193]LogModuleManager: Shutting down and abandoning module GeometryCacheTracks (360)
[2018.11.12-19.54.22:590][193]LogModuleManager: Shutting down and abandoning module GeometryCacheSequencer (358)
[2018.11.12-19.54.22:590][193]LogModuleManager: Shutting down and abandoning module BackChannel (356)
[2018.11.12-19.54.22:590][193]LogModuleManager: Shutting down and abandoning module AppleVision (354)
[2018.11.12-19.54.22:590][193]LogModuleManager: Shutting down and abandoning module AppleImageUtils (352)
[2018.11.12-19.54.22:590][193]LogModuleManager: Shutting down and abandoning module AlembicImporter (350)
[2018.11.12-19.54.22:590][193]LogModuleManager: Shutting down and abandoning module AlembicLibrary (349)
[2018.11.12-19.54.22:590][193]LogModuleManager: Shutting down and abandoning module GeometryCache (348)
[2018.11.12-19.54.22:590][193]LogModuleManager: Shutting down and abandoning module GeometryCacheEd (347)
[2018.11.12-19.54.22:590][193]LogModuleManager: Shutting down and abandoning module DatasmithContentEditor (342)
[2018.11.12-19.54.22:590][193]LogModuleManager: Shutting down and abandoning module DatasmithContent (340)
[2018.11.12-19.54.22:590][193]LogModuleManager: Shutting down and abandoning module SpeedTreeImporter (338)
[2018.11.12-19.54.22:590][193]LogModuleManager: Shutting down and abandoning module PluginBrowser (336)
[2018.11.12-19.54.22:590][193]LogModuleManager: Shutting down and abandoning module MobileLauncherProfileWizard (334)
[2018.11.12-19.54.22:591][193]LogModuleManager: Shutting down and abandoning module PolygonModeling (332)
[2018.11.12-19.54.22:591][193]LogModuleManager: Shutting down and abandoning module MeshEditor (330)
[2018.11.12-19.54.22:591][193]LogModuleManager: Shutting down and abandoning module CryptoKeysOpenSSL (328)
[2018.11.12-19.54.22:591][193]LogModuleManager: Shutting down and abandoning module CryptoKeys (326)
[2018.11.12-19.54.22:591][193]LogModuleManager: Shutting down and abandoning module VisualStudioSourceCodeAccess (324)
[2018.11.12-19.54.22:591][193]LogModuleManager: Shutting down and abandoning module VisualStudioCodeSourceCodeAccess (322)
[2018.11.12-19.54.22:591][193]LogModuleManager: Shutting down and abandoning module UObjectPlugin (320)
[2018.11.12-19.54.22:591][193]LogModuleManager: Shutting down and abandoning module SubversionSourceControl (318)
[2018.11.12-19.54.22:591][193]LogModuleManager: Shutting down and abandoning module PerforceSourceControl (316)
[2018.11.12-19.54.22:591][193]LogModuleManager: Shutting down and abandoning module GitSourceControl (314)
[2018.11.12-19.54.22:591][193]LogModuleManager: Shutting down and abandoning module SourceControl (313)
[2018.11.12-19.54.22:591][193]LogModuleManager: Shutting down and abandoning module CLionSourceCodeAccess (310)
[2018.11.12-19.54.22:591][193]LogModuleManager: Shutting down and abandoning module LightPropagationVolumeEditor (308)
[2018.11.12-19.54.22:591][193]LogModuleManager: Shutting down and abandoning module PaperTiledImporter (306)
[2018.11.12-19.54.22:591][193]LogModuleManager: Shutting down and abandoning module PaperSpriteSheetImporter (304)
[2018.11.12-19.54.22:591][193]LogModuleManager: Shutting down and abandoning module Paper2DEditor (302)
[2018.11.12-19.54.22:591][193]LogModuleManager: Shutting down and abandoning module MeshPaint (301)
[2018.11.12-19.54.22:591][193]LogModuleManager: Shutting down and abandoning module RuntimePhysXCooking (298)
[2018.11.12-19.54.22:591][193]LogModuleManager: Shutting down and abandoning module PhysXVehiclesEditor (296)
[2018.11.12-19.54.22:591][193]LogModuleManager: Shutting down and abandoning module PhysXVehicles (294)
[2018.11.12-19.54.22:591][193]LogModuleManager: Shutting down and abandoning module OculusEditor (292)
[2018.11.12-19.54.22:591][193]LogModuleManager: Shutting down and abandoning module LocationServicesBPLibrary (290)
[2018.11.12-19.54.22:591][193]LogModuleManager: Shutting down and abandoning module ImmediatePhysicsEditor (288)
[2018.11.12-19.54.22:591][193]LogModuleManager: Shutting down and abandoning module ImmediatePhysics (286)
[2018.11.12-19.54.22:591][193]LogModuleManager: Shutting down and abandoning module ActorSequence (284)
[2018.11.12-19.54.22:591][193]LogModuleManager: Shutting down and abandoning module UdpMessaging (282)
[2018.11.12-19.54.22:692][193]LogModuleManager: Shutting down and abandoning module TcpMessaging (280)
[2018.11.12-19.54.22:793][193]LogModuleManager: Shutting down and abandoning module MagicLeapAudio (278)
[2018.11.12-19.54.22:793][193]LogModuleManager: Shutting down and abandoning module GameplayTagsEditor (276)
[2018.11.12-19.54.22:793][193]LogModuleManager: Shutting down and abandoning module FacialAnimationEditor (274)
[2018.11.12-19.54.22:793][193]LogModuleManager: Shutting down and abandoning module FacialAnimation (272)
[2018.11.12-19.54.22:793][193]LogModuleManager: Shutting down and abandoning module DataValidation (270)
[2018.11.12-19.54.22:793][193]LogModuleManager: Shutting down and abandoning module AssetManagerEditor (268)
[2018.11.12-19.54.22:793][193]LogModuleManager: Shutting down and abandoning module LevelEditor (267)
[2018.11.12-19.54.22:794][193]LogModuleManager: Shutting down and abandoning module PixelInspectorModule (266)
[2018.11.12-19.54.22:794][193]LogModuleManager: Shutting down and abandoning module CommonMenuExtensions (264)
[2018.11.12-19.54.22:794][193]LogModuleManager: Shutting down and abandoning module MainFrame (262)
[2018.11.12-19.54.22:794][193]LogModuleManager: Shutting down and abandoning module HotReload (261)
[2018.11.12-19.54.22:794][193]LogModuleManager: Shutting down and abandoning module ContentBrowser (257)
[2018.11.12-19.54.22:796][193]LogModuleManager: Shutting down and abandoning module TreeMap (255)
[2018.11.12-19.54.22:796][193]LogModuleManager: Shutting down and abandoning module LightPropagationVolumeRuntime (252)
[2018.11.12-19.54.22:796][193]LogModuleManager: Shutting down and abandoning module AISupportModule (250)
[2018.11.12-19.54.22:796][193]LogModuleManager: Shutting down and abandoning module Paper2D (248)
[2018.11.12-19.54.22:796][193]LogModuleManager: Shutting down and abandoning module WindowsMoviePlayer (246)
[2018.11.12-19.54.22:796][193]LogModuleManager: Shutting down and abandoning module WmfMedia (244)
[2018.11.12-19.54.22:798][193]LogModuleManager: Shutting down and abandoning module Media (243)
[2018.11.12-19.54.22:804][193]LogModuleManager: Shutting down and abandoning module PacketHandler (240)
[2018.11.12-19.54.22:804][193]LogModuleManager: Shutting down and abandoning module ClothingSystemEditor (238)
[2018.11.12-19.54.22:804][193]LogModuleManager: Shutting down and abandoning module ClothingSystemRuntime (236)
[2018.11.12-19.54.22:804][193]LogModuleManager: Shutting down and abandoning module MediaAssets (234)
[2018.11.12-19.54.22:804][193]LogModuleManager: Shutting down and abandoning module Overlay (232)
[2018.11.12-19.54.22:805][193]LogModuleManager: Shutting down and abandoning module OverlayEditor (231)
[2018.11.12-19.54.22:805][193]LogModuleManager: Shutting down and abandoning module VREditor (228)
[2018.11.12-19.54.22:805][193]LogModuleManager: Shutting down and abandoning module StringTableEditor (226)
[2018.11.12-19.54.22:805][193]LogModuleManager: Shutting down and abandoning module GameplayTasksEditor (224)
[2018.11.12-19.54.22:805][193]LogModuleManager: Shutting down and abandoning module BehaviorTreeEditor (222)
[2018.11.12-19.54.22:805][193]LogModuleManager: Shutting down and abandoning module FunctionalTesting (220)
[2018.11.12-19.54.22:805][193]LogModuleManager: Shutting down and abandoning module CollisionAnalyzer (218)
[2018.11.12-19.54.22:805][193]LogModuleManager: Shutting down and abandoning module WorkspaceMenuStructure (217)
[2018.11.12-19.54.22:805][193]LogModuleManager: Shutting down and abandoning module UMG (214)
[2018.11.12-19.54.22:805][193]LogModuleManager: Shutting down and abandoning module UMGEditor (213)
[2018.11.12-19.54.22:805][193]LogModuleManager: Shutting down and abandoning module Sequencer (212)
[2018.11.12-19.54.22:805][193]LogModuleManager: Shutting down and abandoning module MessageLog (209)
[2018.11.12-19.54.22:805][193]LogModuleManager: Shutting down and abandoning module SlateReflector (204)
[2018.11.12-19.54.22:805][193]LogModuleManager: Shutting down and abandoning module Slate (202)
[2018.11.12-19.54.22:805][193]LogModuleManager: Shutting down and abandoning module EditorStyle (200)
[2018.11.12-19.54.22:807][193]LogModuleManager: Shutting down and abandoning module MRMesh (198)
[2018.11.12-19.54.22:807][193]LogModuleManager: Shutting down and abandoning module SourceCodeAccess (196)
[2018.11.12-19.54.22:807][193]LogModuleManager: Shutting down and abandoning module HeadMountedDisplay (194)
[2018.11.12-19.54.22:807][193]LogModuleManager: Shutting down and abandoning module XAudio2 (192)
[2018.11.12-19.54.22:807][193]LogModuleManager: Shutting down and abandoning module Networking (190)
[2018.11.12-19.54.22:807][193]LogModuleManager: Shutting down and abandoning module Core (188)
[2018.11.12-19.54.22:807][193]LogModuleManager: Shutting down and abandoning module LevelSequence (186)
[2018.11.12-19.54.22:807][193]LogModuleManager: Shutting down and abandoning module KismetCompiler (184)
[2018.11.12-19.54.22:807][193]LogModuleManager: Shutting down and abandoning module MeshUtilities (182)
[2018.11.12-19.54.22:807][193]LogModuleManager: Shutting down and abandoning module MeshMergeUtilities (181)
[2018.11.12-19.54.22:807][193]LogModuleManager: Shutting down and abandoning module MeshReductionInterface (180)
[2018.11.12-19.54.22:807][193]LogModuleManager: Shutting down and abandoning module SimplygonSwarm (179)
[2018.11.12-19.54.22:807][193]LogModuleManager: Shutting down and abandoning module ProxyLODMeshReduction (177)
[2018.11.12-19.54.22:807][193]LogModuleManager: Shutting down and abandoning module SimplygonMeshReduction (175)
[2018.11.12-19.54.22:807][193]LogModuleManager: Shutting down and abandoning module QuadricMeshReduction (173)
[2018.11.12-19.54.22:807][193]LogModuleManager: Shutting down and abandoning module MaterialBaking (169)
[2018.11.12-19.54.22:807][193]LogModuleManager: Shutting down and abandoning module DirectoryWatcher (165)
[2018.11.12-19.54.22:807][193]LogModuleManager: Shutting down and abandoning module DerivedDataCache (162)
[2018.11.12-19.54.22:825][193]LogDerivedDataCache: Shutdown
[2018.11.12-19.54.22:825][193]LogModuleManager: Shutting down and abandoning module XGEController (160)
[2018.11.12-19.54.22:825][193]LogXGEController: Cleaning working directory: C:/Users/ASUS/AppData/Local/Temp/UnrealXGEWorkingDir/
[2018.11.12-19.54.22:825][193]LogModuleManager: Shutting down and abandoning module TargetPlatform (158)
[2018.11.12-19.54.22:825][193]LogModuleManager: Shutting down and abandoning module VulkanShaderFormat (157)
[2018.11.12-19.54.22:825][193]LogModuleManager: Shutting down and abandoning module ShaderFormatVectorVM (155)
[2018.11.12-19.54.22:825][193]LogModuleManager: Shutting down and abandoning module ShaderFormatOpenGL (153)
[2018.11.12-19.54.22:825][193]LogModuleManager: Shutting down and abandoning module ShaderFormatD3D (151)
[2018.11.12-19.54.22:825][193]LogModuleManager: Shutting down and abandoning module MetalShaderFormat (149)
[2018.11.12-19.54.22:825][193]LogModuleManager: Shutting down and abandoning module TextureFormatUncompressed (147)
[2018.11.12-19.54.22:825][193]LogModuleManager: Shutting down and abandoning module TextureFormatPVR (145)
[2018.11.12-19.54.22:825][193]LogModuleManager: Shutting down and abandoning module TextureFormatDXT (143)
[2018.11.12-19.54.22:825][193]LogModuleManager: Shutting down and abandoning module TextureFormatIntelISPCTexComp (141)
[2018.11.12-19.54.22:825][193]LogModuleManager: Shutting down and abandoning module TextureFormatASTC (139)
[2018.11.12-19.54.22:825][193]LogModuleManager: Shutting down and abandoning module ImageWrapper (138)
[2018.11.12-19.54.22:825][193]LogModuleManager: Shutting down and abandoning module TextureFormatAndroid (135)
[2018.11.12-19.54.22:825][193]LogModuleManager: Shutting down and abandoning module AudioFormatOpus (133)
[2018.11.12-19.54.22:825][193]LogModuleManager: Shutting down and abandoning module AudioFormatOgg (131)
[2018.11.12-19.54.22:825][193]LogModuleManager: Shutting down and abandoning module AudioFormatADPCM (129)
[2018.11.12-19.54.22:825][193]LogModuleManager: Shutting down and abandoning module LuminTargetPlatform (127)
[2018.11.12-19.54.22:825][193]LogModuleManager: Shutting down and abandoning module LinuxTargetPlatform (125)
[2018.11.12-19.54.22:825][193]LogModuleManager: Shutting down and abandoning module LinuxServerTargetPlatform (123)
[2018.11.12-19.54.22:825][193]LogModuleManager: Shutting down and abandoning module LinuxNoEditorTargetPlatform (121)
[2018.11.12-19.54.22:825][193]LogModuleManager: Shutting down and abandoning module LinuxClientTargetPlatform (119)
[2018.11.12-19.54.22:825][193]LogModuleManager: Shutting down and abandoning module TVOSTargetPlatform (117)
[2018.11.12-19.54.22:826][193]LogModuleManager: Shutting down and abandoning module Messaging (115)
[2018.11.12-19.54.22:826][193]LogModuleManager: Shutting down and abandoning module IOSTargetPlatform (113)
[2018.11.12-19.54.22:827][193]LogModuleManager: Shutting down and abandoning module HTML5TargetPlatform (111)
[2018.11.12-19.54.22:827][193]LogModuleManager: Shutting down and abandoning module AndroidTargetPlatform (109)
[2018.11.12-19.54.22:833][193]LogModuleManager: Shutting down and abandoning module WindowsTargetPlatform (107)
[2018.11.12-19.54.22:833][193]LogModuleManager: Shutting down and abandoning module WindowsServerTargetPlatform (105)
[2018.11.12-19.54.22:833][193]LogModuleManager: Shutting down and abandoning module WindowsNoEditorTargetPlatform (103)
[2018.11.12-19.54.22:833][193]LogModuleManager: Shutting down and abandoning module WindowsClientTargetPlatform (101)
[2018.11.12-19.54.22:833][193]LogModuleManager: Shutting down and abandoning module MacTargetPlatform (99)
[2018.11.12-19.54.22:833][193]LogModuleManager: Shutting down and abandoning module MacServerTargetPlatform (97)
[2018.11.12-19.54.22:833][193]LogModuleManager: Shutting down and abandoning module MacNoEditorTargetPlatform (95)
[2018.11.12-19.54.22:833][193]LogModuleManager: Shutting down and abandoning module MacClientTargetPlatform (93)
[2018.11.12-19.54.22:834][193]LogModuleManager: Shutting down and abandoning module AllDesktopTargetPlatform (91)
[2018.11.12-19.54.22:834][193]LogModuleManager: Shutting down and abandoning module InputCore (88)
[2018.11.12-19.54.22:834][193]LogModuleManager: Shutting down and abandoning module Settings (86)
[2018.11.12-19.54.22:834][193]LogModuleManager: Shutting down and abandoning module PhysXCooking (84)
[2018.11.12-19.54.22:834][193]LogModuleManager: Shutting down and abandoning module SteamVR (82)
[2018.11.12-19.54.22:834][193]LogModuleManager: Shutting down and abandoning module OculusHMD (80)
[2018.11.12-19.54.22:834][193]LogModuleManager: Shutting down and abandoning module ExampleDeviceProfileSelector (78)
[2018.11.12-19.54.22:834][193]LogModuleManager: Shutting down and abandoning module LauncherChunkInstaller (76)
[2018.11.12-19.54.22:834][193]LogModuleManager: Shutting down and abandoning module OnlineBlueprintSupport (74)
[2018.11.12-19.54.22:834][193]LogModuleManager: Shutting down and abandoning module OnlineSubsystem (70)
[2018.11.12-19.54.22:835][193]LogModuleManager: Shutting down and abandoning module XMPP (65)
[2018.11.12-19.54.22:835][193]LogModuleManager: Shutting down and abandoning module WebSockets (64)
[2018.11.12-19.54.22:854][193]LogModuleManager: Shutting down and abandoning module HTTP (61)
[2018.11.12-19.54.22:854][193]LogHttp: Display: Http module shutting down, but needs to wait on 1 outstanding Http requests:
[2018.11.12-19.54.22:854][193]LogHttp: Display: 	verb=[POST] url=[https://datarouter.ol.epicgames.com/datarouter/api/v1/public/data?SessionID=%7B788129A1-4976-4006-1E1F-6088C802E461%7D&AppID=UEEditor.Rocket.Release&AppVersion=4.20.2-4302132%2B%2B%2BUE4%2BRelease-4.20&UserID=610cc3b0494ad46f300bf98d32e58d4c%7Ce8382057b8034bd0a66b0b54df5ddd2d%7C47a410fe-aa6e-45f9-8550-524bbc7f216d&AppEnvironment=datacollector-binary&UploadType=eteventstream] status=Processing
[2018.11.12-19.54.22:887][193]LogModuleManager: Shutting down and abandoning module SSL (60)
[2018.11.12-19.54.22:888][193]LogModuleManager: Shutting down and abandoning module MagicLeapEmulator (56)
[2018.11.12-19.54.22:888][193]LogModuleManager: Shutting down and abandoning module MagicLeapPrivileges (54)
[2018.11.12-19.54.22:888][193]LogModuleManager: Shutting down and abandoning module MagicLeapIdentity (52)
[2018.11.12-19.54.22:888][193]LogModuleManager: Shutting down and abandoning module MagicLeapHelperVulkan (50)
[2018.11.12-19.54.22:888][193]LogModuleManager: Shutting down and abandoning module MagicLeapHelperOpenGL (48)
[2018.11.12-19.54.22:888][193]LogModuleManager: Shutting down and abandoning module MagicLeapSecureStorage (46)
[2018.11.12-19.54.22:888][193]LogModuleManager: Shutting down and abandoning module MagicLeapGestures (44)
[2018.11.12-19.54.22:888][193]LogModuleManager: Shutting down and abandoning module MagicLeapEyeTracker (42)
[2018.11.12-19.54.22:888][193]LogModuleManager: Shutting down and abandoning module MagicLeapController (40)
[2018.11.12-19.54.22:889][193]LogSlate: Slate User Destroyed.  User Index 0, Is Virtual User: 0
[2018.11.12-19.54.22:889][193]LogModuleManager: Shutting down and abandoning module MagicLeap (38)
[2018.11.12-19.54.22:889][193]LogModuleManager: Shutting down and abandoning module AnimationModifiers (36)
[2018.11.12-19.54.22:889][193]LogModuleManager: Shutting down and abandoning module PropertyEditor (35)
[2018.11.12-19.54.22:889][193]LogModuleManager: Shutting down and abandoning module AudioEditor (32)
[2018.11.12-19.54.22:889][193]LogModuleManager: Shutting down and abandoning module TextureCompressor (30)
[2018.11.12-19.54.22:889][193]LogModuleManager: Shutting down and abandoning module ShaderCore (28)
[2018.11.12-19.54.22:889][193]LogModuleManager: Shutting down and abandoning module Landscape (26)
[2018.11.12-19.54.22:889][193]LogModuleManager: Shutting down and abandoning module SlateRHIRenderer (24)
[2018.11.12-19.54.22:890][193]LogModuleManager: Shutting down and abandoning module OpenGLDrv (22)
[2018.11.12-19.54.22:890][193]LogModuleManager: Shutting down and abandoning module D3D11RHI (20)
[2018.11.12-19.54.22:890][193]LogModuleManager: Shutting down and abandoning module AnimGraphRuntime (18)
[2018.11.12-19.54.22:890][193]LogModuleManager: Shutting down and abandoning module Renderer (16)
[2018.11.12-19.54.22:890][193]LogModuleManager: Shutting down and abandoning module Engine (14)
[2018.11.12-19.54.22:890][193]LogModuleManager: Shutting down and abandoning module CoreUObject (12)
[2018.11.12-19.54.22:890][193]LogModuleManager: Shutting down and abandoning module NetworkFile (10)
[2018.11.12-19.54.22:890][193]LogModuleManager: Shutting down and abandoning module CookedIterativeFile (8)
[2018.11.12-19.54.22:890][193]LogModuleManager: Shutting down and abandoning module StreamingFile (6)
[2018.11.12-19.54.22:890][193]LogModuleManager: Shutting down and abandoning module SandboxFile (4)
[2018.11.12-19.54.22:890][193]LogModuleManager: Shutting down and abandoning module PakFile (2)
[2018.11.12-19.54.22:897][193]LogExit: Exiting.
[2018.11.12-19.54.22:903][193]Log file closed, 11/12/18 13:54:22
